2022-10-14 18:17:10.420  INFO 7300 --- [restartedMain] c.e.medications.MedicationsApplication   : Starting MedicationsApplication using Java 17.0.2 on DESKTOP-DRV2E04 with PID 7300 (C:\Users\Emerson\Desktop\Capstone[war-package]\medications\target\classes started by Emerson in C:\Users\Emerson\Desktop\Capstone[war-package]\medications)
2022-10-14 18:17:10.421  INFO 7300 --- [restartedMain] c.e.medications.MedicationsApplication   : No active profile set, falling back to 1 default profile: "default"
2022-10-14 18:17:10.472  INFO 7300 --- [restartedMain] .e.DevToolsPropertyDefaultsPostProcessor : Devtools property defaults active! Set 'spring.devtools.add-properties' to 'false' to disable
2022-10-14 18:17:10.473  INFO 7300 --- [restartedMain] .e.DevToolsPropertyDefaultsPostProcessor : For additional web related logging consider setting the 'logging.level.web' property to 'DEBUG'
2022-10-14 18:17:11.082  INFO 7300 --- [restartedMain] .s.d.r.c.RepositoryConfigurationDelegate : Bootstrapping Spring Data JPA repositories in DEFAULT mode.
2022-10-14 18:17:11.145  INFO 7300 --- [restartedMain] .s.d.r.c.RepositoryConfigurationDelegate : Finished Spring Data repository scanning in 53 ms. Found 4 JPA repository interfaces.
2022-10-14 18:17:11.713  INFO 7300 --- [restartedMain] o.s.b.w.embedded.tomcat.TomcatWebServer  : Tomcat initialized with port(s): 8080 (http)
2022-10-14 18:17:11.721  INFO 7300 --- [restartedMain] o.apache.catalina.core.StandardService   : Starting service [Tomcat]
2022-10-14 18:17:11.722  INFO 7300 --- [restartedMain] org.apache.catalina.core.StandardEngine  : Starting Servlet engine: [Apache Tomcat/9.0.65]
2022-10-14 18:17:11.800  INFO 7300 --- [restartedMain] o.a.c.c.C.[Tomcat].[localhost].[/]       : Initializing Spring embedded WebApplicationContext
2022-10-14 18:17:11.800  INFO 7300 --- [restartedMain] w.s.c.ServletWebServerApplicationContext : Root WebApplicationContext: initialization completed in 1326 ms
2022-10-14 18:17:11.938  INFO 7300 --- [restartedMain] o.hibernate.jpa.internal.util.LogHelper  : HHH000204: Processing PersistenceUnitInfo [name: default]
2022-10-14 18:17:11.989  INFO 7300 --- [restartedMain] org.hibernate.Version                    : HHH000412: Hibernate ORM core version 5.6.11.Final
2022-10-14 18:17:12.136  INFO 7300 --- [restartedMain] o.hibernate.annotations.common.Version   : HCANN000001: Hibernate Commons Annotations {5.1.2.Final}
2022-10-14 18:17:12.233  INFO 7300 --- [restartedMain] com.zaxxer.hikari.HikariDataSource       : HikariPool-1 - Starting...
2022-10-14 18:17:12.310  INFO 7300 --- [restartedMain] com.zaxxer.hikari.HikariDataSource       : HikariPool-1 - Start completed.
2022-10-14 18:17:12.327  INFO 7300 --- [restartedMain] org.hibernate.dialect.Dialect            : HHH000400: Using dialect: org.hibernate.dialect.MySQL5Dialect
2022-10-14 18:17:13.015  INFO 7300 --- [restartedMain] o.h.e.t.j.p.i.JtaPlatformInitiator       : HHH000490: Using JtaPlatform implementation: [org.hibernate.engine.transaction.jta.platform.internal.NoJtaPlatform]
2022-10-14 18:17:13.024  INFO 7300 --- [restartedMain] j.LocalContainerEntityManagerFactoryBean : Initialized JPA EntityManagerFactory for persistence unit 'default'
2022-10-14 18:17:13.536  INFO 7300 --- [restartedMain] o.s.s.web.DefaultSecurityFilterChain     : Will secure any request with [org.springframework.security.web.session.DisableEncodeUrlFilter@53f321fd, org.springframework.security.web.context.request.async.WebAsyncManagerIntegrationFilter@d9989ed, org.springframework.security.web.context.SecurityContextPersistenceFilter@290b0bd8, org.springframework.security.web.header.HeaderWriterFilter@359668b6, org.springframework.security.web.authentication.logout.LogoutFilter@10d33f44, org.springframework.security.web.authentication.UsernamePasswordAuthenticationFilter@4a86326d, org.springframework.security.web.savedrequest.RequestCacheAwareFilter@4052a93, org.springframework.security.web.servletapi.SecurityContextHolderAwareRequestFilter@66c3cbc0, org.springframework.security.web.authentication.AnonymousAuthenticationFilter@7677d769, org.springframework.security.web.session.SessionManagementFilter@80d306b, org.springframework.security.web.access.ExceptionTranslationFilter@763cf0c9, org.springframework.security.web.access.intercept.FilterSecurityInterceptor@26a9adaa]
2022-10-14 18:17:13.588  WARN 7300 --- [restartedMain] JpaBaseConfiguration$JpaWebConfiguration : spring.jpa.open-in-view is enabled by default. Therefore, database queries may be performed during view rendering. Explicitly configure spring.jpa.open-in-view to disable this warning
2022-10-14 18:17:13.713  INFO 7300 --- [restartedMain] o.s.b.a.w.s.WelcomePageHandlerMapping    : Adding welcome page template: index
2022-10-14 18:17:13.896  INFO 7300 --- [restartedMain] o.s.b.d.a.OptionalLiveReloadServer       : LiveReload server is running on port 35729
2022-10-14 18:17:13.932  INFO 7300 --- [restartedMain] o.s.b.w.embedded.tomcat.TomcatWebServer  : Tomcat started on port(s): 8080 (http) with context path ''
2022-10-14 18:17:13.947  INFO 7300 --- [restartedMain] c.e.medications.MedicationsApplication   : Started MedicationsApplication in 3.904 seconds (JVM running for 4.688)
2022-10-14 18:18:06.834  INFO 7300 --- [http-nio-8080-exec-1] o.a.c.c.C.[Tomcat].[localhost].[/]       : Initializing Spring DispatcherServlet 'dispatcherServlet'
2022-10-14 18:18:06.834  INFO 7300 --- [http-nio-8080-exec-1] o.s.web.servlet.DispatcherServlet        : Initializing Servlet 'dispatcherServlet'
2022-10-14 18:18:06.836  INFO 7300 --- [http-nio-8080-exec-1] o.s.web.servlet.DispatcherServlet        : Completed initialization in 1 ms
2022-10-14 18:19:41.408  INFO 7300 --- [RMI TCP Connection(6)-127.0.0.1] inMXBeanRegistrar$SpringApplicationAdmin : Application shutdown requested.
2022-10-14 18:19:41.425  INFO 7300 --- [RMI TCP Connection(6)-127.0.0.1] o.apache.catalina.core.StandardService   : Stopping service [Tomcat]
2022-10-14 18:19:41.426  INFO 7300 --- [RMI TCP Connection(6)-127.0.0.1] o.a.c.c.C.[Tomcat].[localhost].[/]       : Destroying Spring FrameworkServlet 'dispatcherServlet'
2022-10-14 18:19:41.433  INFO 7300 --- [RMI TCP Connection(6)-127.0.0.1] j.LocalContainerEntityManagerFactoryBean : Closing JPA EntityManagerFactory for persistence unit 'default'
2022-10-14 18:19:41.436  INFO 7300 --- [RMI TCP Connection(6)-127.0.0.1] com.zaxxer.hikari.HikariDataSource       : HikariPool-1 - Shutdown initiated...
2022-10-14 18:19:41.445  INFO 7300 --- [RMI TCP Connection(6)-127.0.0.1] com.zaxxer.hikari.HikariDataSource       : HikariPool-1 - Shutdown completed.
